CRITICAL - 2022-07-14 10:12:06 --> mail(): SMTP server response: 554 5.5.1 Error: no valid recipients
#0 [internal function]: CodeIgniter\Debug\Exceptions->errorHandler(2, 'mail(): SMTP se...', 'C:\\xampp73\\htdo...', 645, Array)
#1 C:\xampp73\htdocs\appraisal\app\Controllers\penilaian\ProsesPenilaianKp.php(645): mail('', 'Penilaian Kiner...', '<!-- DEBUG-VIEW...', 'MIME-Version: 1...')
#2 C:\xampp73\htdocs\appraisal\app\Controllers\penilaian\ProsesPenilaianKp.php(312): App\Controllers\Penilaian\ProsesPenilaianKp->sendEmail('', 'Penilaian Kiner...', '<!-- DEBUG-VIEW...')
#3 C:\xampp73\htdocs\appraisal\vendor\codeigniter4\framework\system\CodeIgniter.php(832): App\Controllers\Penilaian\ProsesPenilaianKp->tambahPenilaian('123')
#4 C:\xampp73\htdocs\appraisal\vendor\codeigniter4\framework\system\CodeIgniter.php(419): CodeIgniter\CodeIgniter->runController(Object(App\Controllers\Penilaian\ProsesPenilaianKp))
#5 C:\xampp73\htdocs\appraisal\vendor\codeigniter4\framework\system\CodeIgniter.php(326): CodeIgniter\CodeIgniter->handleRequest(NULL, Object(Config\Cache), false)
#6 C:\xampp73\htdocs\appraisal\index.php(37): CodeIgniter\CodeIgniter->run()
#7 {main}
CRITICAL - 2022-07-14 10:14:29 --> Undefined offset: 0
#0 C:\xampp73\htdocs\appraisal\app\Controllers\penilaian\DetailPenilaian.php(23): CodeIgniter\Debug\Exceptions->errorHandler(8, 'Undefined offse...', 'C:\\xampp73\\htdo...', 23, Array)
#1 C:\xampp73\htdocs\appraisal\vendor\codeigniter4\framework\system\CodeIgniter.php(832): App\Controllers\Penilaian\DetailPenilaian->gol_123('4')
#2 C:\xampp73\htdocs\appraisal\vendor\codeigniter4\framework\system\CodeIgniter.php(419): CodeIgniter\CodeIgniter->runController(Object(App\Controllers\Penilaian\DetailPenilaian))
#3 C:\xampp73\htdocs\appraisal\vendor\codeigniter4\framework\system\CodeIgniter.php(326): CodeIgniter\CodeIgniter->handleRequest(NULL, Object(Config\Cache), false)
#4 C:\xampp73\htdocs\appraisal\index.php(37): CodeIgniter\CodeIgniter->run()
#5 {main}
CRITICAL - 2022-07-14 10:15:12 --> mail(): SMTP server response: 554 5.5.1 Error: no valid recipients
#0 [internal function]: CodeIgniter\Debug\Exceptions->errorHandler(2, 'mail(): SMTP se...', 'C:\\xampp73\\htdo...', 645, Array)
#1 C:\xampp73\htdocs\appraisal\app\Controllers\penilaian\ProsesPenilaianKp.php(645): mail('', 'Penilaian Kiner...', '<!-- DEBUG-VIEW...', 'MIME-Version: 1...')
#2 C:\xampp73\htdocs\appraisal\app\Controllers\penilaian\ProsesPenilaianKp.php(312): App\Controllers\Penilaian\ProsesPenilaianKp->sendEmail('', 'Penilaian Kiner...', '<!-- DEBUG-VIEW...')
#3 C:\xampp73\htdocs\appraisal\vendor\codeigniter4\framework\system\CodeIgniter.php(832): App\Controllers\Penilaian\ProsesPenilaianKp->tambahPenilaian('123')
#4 C:\xampp73\htdocs\appraisal\vendor\codeigniter4\framework\system\CodeIgniter.php(419): CodeIgniter\CodeIgniter->runController(Object(App\Controllers\Penilaian\ProsesPenilaianKp))
#5 C:\xampp73\htdocs\appraisal\vendor\codeigniter4\framework\system\CodeIgniter.php(326): CodeIgniter\CodeIgniter->handleRequest(NULL, Object(Config\Cache), false)
#6 C:\xampp73\htdocs\appraisal\index.php(37): CodeIgniter\CodeIgniter->run()
#7 {main}
ERROR - 2022-07-14 10:17:46 --> Duplicate entry '2021-20211101884' for key 'tahun_pa'
CRITICAL - 2022-07-14 10:17:58 --> Undefined offset: 0
#0 C:\xampp73\htdocs\appraisal\app\Controllers\penilaian\DetailPenilaian.php(26): CodeIgniter\Debug\Exceptions->errorHandler(8, 'Undefined offse...', 'C:\\xampp73\\htdo...', 26, Array)
#1 C:\xampp73\htdocs\appraisal\vendor\codeigniter4\framework\system\CodeIgniter.php(832): App\Controllers\Penilaian\DetailPenilaian->gol_123('6')
#2 C:\xampp73\htdocs\appraisal\vendor\codeigniter4\framework\system\CodeIgniter.php(419): CodeIgniter\CodeIgniter->runController(Object(App\Controllers\Penilaian\DetailPenilaian))
#3 C:\xampp73\htdocs\appraisal\vendor\codeigniter4\framework\system\CodeIgniter.php(326): CodeIgniter\CodeIgniter->handleRequest(NULL, Object(Config\Cache), false)
#4 C:\xampp73\htdocs\appraisal\index.php(37): CodeIgniter\CodeIgniter->run()
#5 {main}
CRITICAL - 2022-07-14 10:24:01 --> mail(): SMTP server response: 554 5.5.1 Error: no valid recipients
#0 [internal function]: CodeIgniter\Debug\Exceptions->errorHandler(2, 'mail(): SMTP se...', 'C:\\xampp73\\htdo...', 645, Array)
#1 C:\xampp73\htdocs\appraisal\app\Controllers\penilaian\ProsesPenilaianKp.php(645): mail('', 'Penilaian Kiner...', '<!doctype html>...', 'MIME-Version: 1...')
#2 C:\xampp73\htdocs\appraisal\app\Controllers\penilaian\ProsesPenilaianKp.php(312): App\Controllers\Penilaian\ProsesPenilaianKp->sendEmail('', 'Penilaian Kiner...', '<!doctype html>...')
#3 C:\xampp73\htdocs\appraisal\vendor\codeigniter4\framework\system\CodeIgniter.php(832): App\Controllers\Penilaian\ProsesPenilaianKp->tambahPenilaian('123')
#4 C:\xampp73\htdocs\appraisal\vendor\codeigniter4\framework\system\CodeIgniter.php(419): CodeIgniter\CodeIgniter->runController(Object(App\Controllers\Penilaian\ProsesPenilaianKp))
#5 C:\xampp73\htdocs\appraisal\vendor\codeigniter4\framework\system\CodeIgniter.php(326): CodeIgniter\CodeIgniter->handleRequest(NULL, Object(Config\Cache), false)
#6 C:\xampp73\htdocs\appraisal\index.php(37): CodeIgniter\CodeIgniter->run()
#7 {main}
ERROR - 2022-07-14 10:27:21 --> Duplicate entry '2021-20211101885' for key 'tahun_pa'
CRITICAL - 2022-07-14 10:28:28 --> mail(): SMTP server response: 554 5.5.1 Error: no valid recipients
#0 [internal function]: CodeIgniter\Debug\Exceptions->errorHandler(2, 'mail(): SMTP se...', 'C:\\xampp73\\htdo...', 644, Array)
#1 C:\xampp73\htdocs\appraisal\app\Controllers\penilaian\ProsesPenilaianKp.php(644): mail('', 'Penilaian Kiner...', '<!doctype html>...', 'MIME-Version: 1...')
#2 C:\xampp73\htdocs\appraisal\app\Controllers\penilaian\ProsesPenilaianKp.php(312): App\Controllers\Penilaian\ProsesPenilaianKp->sendEmail('', 'Penilaian Kiner...', '<!doctype html>...')
#3 C:\xampp73\htdocs\appraisal\vendor\codeigniter4\framework\system\CodeIgniter.php(832): App\Controllers\Penilaian\ProsesPenilaianKp->tambahPenilaian('123')
#4 C:\xampp73\htdocs\appraisal\vendor\codeigniter4\framework\system\CodeIgniter.php(419): CodeIgniter\CodeIgniter->runController(Object(App\Controllers\Penilaian\ProsesPenilaianKp))
#5 C:\xampp73\htdocs\appraisal\vendor\codeigniter4\framework\system\CodeIgniter.php(326): CodeIgniter\CodeIgniter->handleRequest(NULL, Object(Config\Cache), false)
#6 C:\xampp73\htdocs\appraisal\index.php(37): CodeIgniter\CodeIgniter->run()
#7 {main}
ERROR - 2022-07-14 10:30:11 --> Duplicate entry '2021-20211101885' for key 'tahun_pa'
CRITICAL - 2022-07-14 10:30:49 --> mail(): SMTP server response: 554 5.5.1 Error: no valid recipients
#0 [internal function]: CodeIgniter\Debug\Exceptions->errorHandler(2, 'mail(): SMTP se...', 'C:\\xampp73\\htdo...', 646, Array)
#1 C:\xampp73\htdocs\appraisal\app\Controllers\penilaian\ProsesPenilaianKp.php(646): mail('', 'Penilaian Kiner...', '<!doctype html>...', 'MIME-Version: 1...')
#2 C:\xampp73\htdocs\appraisal\app\Controllers\penilaian\ProsesPenilaianKp.php(312): App\Controllers\Penilaian\ProsesPenilaianKp->sendEmail('', 'Penilaian Kiner...', '<!doctype html>...')
#3 C:\xampp73\htdocs\appraisal\vendor\codeigniter4\framework\system\CodeIgniter.php(832): App\Controllers\Penilaian\ProsesPenilaianKp->tambahPenilaian('123')
#4 C:\xampp73\htdocs\appraisal\vendor\codeigniter4\framework\system\CodeIgniter.php(419): CodeIgniter\CodeIgniter->runController(Object(App\Controllers\Penilaian\ProsesPenilaianKp))
#5 C:\xampp73\htdocs\appraisal\vendor\codeigniter4\framework\system\CodeIgniter.php(326): CodeIgniter\CodeIgniter->handleRequest(NULL, Object(Config\Cache), false)
#6 C:\xampp73\htdocs\appraisal\index.php(37): CodeIgniter\CodeIgniter->run()
#7 {main}
