ERROR - 2022-09-07 09:20:00 --> You have an error in your SQL syntax; check the manual that corresponds to your MariaDB server version for the right syntax to use near ')' at line 6
ERROR - 2022-09-07 09:26:32 --> You have an error in your SQL syntax; check the manual that corresponds to your MariaDB server version for the right syntax to use near ')' at line 6
CRITICAL - 2022-09-07 16:05:14 --> Call to undefined method App\Models\SuratPeringatan\SPModel::countAllResult
#0 C:\xampp73\htdocs\appraisal\app\Controllers\Home.php(152): CodeIgniter\Model->__call('countAllResult', Array)
#1 C:\xampp73\htdocs\appraisal\vendor\codeigniter4\framework\system\CodeIgniter.php(832): App\Controllers\Home->index()
#2 C:\xampp73\htdocs\appraisal\vendor\codeigniter4\framework\system\CodeIgniter.php(419): CodeIgniter\CodeIgniter->runController(Object(App\Controllers\Home))
#3 C:\xampp73\htdocs\appraisal\vendor\codeigniter4\framework\system\CodeIgniter.php(326): CodeIgniter\CodeIgniter->handleRequest(NULL, Object(Config\Cache), false)
#4 C:\xampp73\htdocs\appraisal\index.php(37): CodeIgniter\CodeIgniter->run()
#5 {main}
CRITICAL - 2022-09-07 16:05:16 --> Call to undefined method App\Models\SuratPeringatan\SPModel::countAllResult
#0 C:\xampp73\htdocs\appraisal\app\Controllers\Home.php(152): CodeIgniter\Model->__call('countAllResult', Array)
#1 C:\xampp73\htdocs\appraisal\vendor\codeigniter4\framework\system\CodeIgniter.php(832): App\Controllers\Home->index()
#2 C:\xampp73\htdocs\appraisal\vendor\codeigniter4\framework\system\CodeIgniter.php(419): CodeIgniter\CodeIgniter->runController(Object(App\Controllers\Home))
#3 C:\xampp73\htdocs\appraisal\vendor\codeigniter4\framework\system\CodeIgniter.php(326): CodeIgniter\CodeIgniter->handleRequest(NULL, Object(Config\Cache), false)
#4 C:\xampp73\htdocs\appraisal\index.php(37): CodeIgniter\CodeIgniter->run()
#5 {main}
CRITICAL - 2022-09-07 16:05:25 --> Call to undefined method App\Models\SuratPeringatan\SPModel::countAllResult
#0 C:\xampp73\htdocs\appraisal\app\Controllers\Home.php(152): CodeIgniter\Model->__call('countAllResult', Array)
#1 C:\xampp73\htdocs\appraisal\vendor\codeigniter4\framework\system\CodeIgniter.php(832): App\Controllers\Home->index()
#2 C:\xampp73\htdocs\appraisal\vendor\codeigniter4\framework\system\CodeIgniter.php(419): CodeIgniter\CodeIgniter->runController(Object(App\Controllers\Home))
#3 C:\xampp73\htdocs\appraisal\vendor\codeigniter4\framework\system\CodeIgniter.php(326): CodeIgniter\CodeIgniter->handleRequest(NULL, Object(Config\Cache), false)
#4 C:\xampp73\htdocs\appraisal\index.php(37): CodeIgniter\CodeIgniter->run()
#5 {main}
CRITICAL - 2022-09-07 16:07:55 --> Array to string conversion
#0 C:\xampp73\htdocs\appraisal\app\Views\dashboard\home_hsd.php(60): CodeIgniter\Debug\Exceptions->errorHandler(8, 'Array to string...', 'C:\\xampp73\\htdo...', 60, Array)
#1 C:\xampp73\htdocs\appraisal\app\Views\dashboard\home.php(26): require('C:\\xampp73\\htdo...')
#2 C:\xampp73\htdocs\appraisal\vendor\codeigniter4\framework\system\View\View.php(210): include('C:\\xampp73\\htdo...')
#3 C:\xampp73\htdocs\appraisal\vendor\codeigniter4\framework\system\View\View.php(213): CodeIgniter\View\View->CodeIgniter\View\{closure}()
#4 C:\xampp73\htdocs\appraisal\vendor\codeigniter4\framework\system\Common.php(1089): CodeIgniter\View\View->render('dashboard/home', Array, true)
#5 C:\xampp73\htdocs\appraisal\app\Controllers\Home.php(213): view('dashboard/home', Array)
#6 C:\xampp73\htdocs\appraisal\vendor\codeigniter4\framework\system\CodeIgniter.php(832): App\Controllers\Home->index()
#7 C:\xampp73\htdocs\appraisal\vendor\codeigniter4\framework\system\CodeIgniter.php(419): CodeIgniter\CodeIgniter->runController(Object(App\Controllers\Home))
#8 C:\xampp73\htdocs\appraisal\vendor\codeigniter4\framework\system\CodeIgniter.php(326): CodeIgniter\CodeIgniter->handleRequest(NULL, Object(Config\Cache), false)
#9 C:\xampp73\htdocs\appraisal\index.php(37): CodeIgniter\CodeIgniter->run()
#10 {main}
CRITICAL - 2022-09-07 16:07:56 --> Array to string conversion
#0 C:\xampp73\htdocs\appraisal\app\Views\dashboard\home_hsd.php(60): CodeIgniter\Debug\Exceptions->errorHandler(8, 'Array to string...', 'C:\\xampp73\\htdo...', 60, Array)
#1 C:\xampp73\htdocs\appraisal\app\Views\dashboard\home.php(26): require('C:\\xampp73\\htdo...')
#2 C:\xampp73\htdocs\appraisal\vendor\codeigniter4\framework\system\View\View.php(210): include('C:\\xampp73\\htdo...')
#3 C:\xampp73\htdocs\appraisal\vendor\codeigniter4\framework\system\View\View.php(213): CodeIgniter\View\View->CodeIgniter\View\{closure}()
#4 C:\xampp73\htdocs\appraisal\vendor\codeigniter4\framework\system\Common.php(1089): CodeIgniter\View\View->render('dashboard/home', Array, true)
#5 C:\xampp73\htdocs\appraisal\app\Controllers\Home.php(213): view('dashboard/home', Array)
#6 C:\xampp73\htdocs\appraisal\vendor\codeigniter4\framework\system\CodeIgniter.php(832): App\Controllers\Home->index()
#7 C:\xampp73\htdocs\appraisal\vendor\codeigniter4\framework\system\CodeIgniter.php(419): CodeIgniter\CodeIgniter->runController(Object(App\Controllers\Home))
#8 C:\xampp73\htdocs\appraisal\vendor\codeigniter4\framework\system\CodeIgniter.php(326): CodeIgniter\CodeIgniter->handleRequest(NULL, Object(Config\Cache), false)
#9 C:\xampp73\htdocs\appraisal\index.php(37): CodeIgniter\CodeIgniter->run()
#10 {main}
CRITICAL - 2022-09-07 16:07:57 --> Array to string conversion
#0 C:\xampp73\htdocs\appraisal\app\Views\dashboard\home_hsd.php(60): CodeIgniter\Debug\Exceptions->errorHandler(8, 'Array to string...', 'C:\\xampp73\\htdo...', 60, Array)
#1 C:\xampp73\htdocs\appraisal\app\Views\dashboard\home.php(26): require('C:\\xampp73\\htdo...')
#2 C:\xampp73\htdocs\appraisal\vendor\codeigniter4\framework\system\View\View.php(210): include('C:\\xampp73\\htdo...')
#3 C:\xampp73\htdocs\appraisal\vendor\codeigniter4\framework\system\View\View.php(213): CodeIgniter\View\View->CodeIgniter\View\{closure}()
#4 C:\xampp73\htdocs\appraisal\vendor\codeigniter4\framework\system\Common.php(1089): CodeIgniter\View\View->render('dashboard/home', Array, true)
#5 C:\xampp73\htdocs\appraisal\app\Controllers\Home.php(213): view('dashboard/home', Array)
#6 C:\xampp73\htdocs\appraisal\vendor\codeigniter4\framework\system\CodeIgniter.php(832): App\Controllers\Home->index()
#7 C:\xampp73\htdocs\appraisal\vendor\codeigniter4\framework\system\CodeIgniter.php(419): CodeIgniter\CodeIgniter->runController(Object(App\Controllers\Home))
#8 C:\xampp73\htdocs\appraisal\vendor\codeigniter4\framework\system\CodeIgniter.php(326): CodeIgniter\CodeIgniter->handleRequest(NULL, Object(Config\Cache), false)
#9 C:\xampp73\htdocs\appraisal\index.php(37): CodeIgniter\CodeIgniter->run()
#10 {main}
ERROR - 2022-09-07 16:49:46 --> Column 'atasan2' cannot be null
