CRITICAL - 2022-08-30 09:46:48 --> Undefined offset: 0
#0 C:\xampp73\htdocs\appraisal\app\Controllers\penilaian\DetailPenilaian.php(166): CodeIgniter\Debug\Exceptions->errorHandler(8, 'Undefined offse...', 'C:\\xampp73\\htdo...', 166, Array)
#1 C:\xampp73\htdocs\appraisal\vendor\codeigniter4\framework\system\CodeIgniter.php(832): App\Controllers\Penilaian\DetailPenilaian->cab_gol_uls('3')
#2 C:\xampp73\htdocs\appraisal\vendor\codeigniter4\framework\system\CodeIgniter.php(419): CodeIgniter\CodeIgniter->runController(Object(App\Controllers\Penilaian\DetailPenilaian))
#3 C:\xampp73\htdocs\appraisal\vendor\codeigniter4\framework\system\CodeIgniter.php(326): CodeIgniter\CodeIgniter->handleRequest(NULL, Object(Config\Cache), false)
#4 C:\xampp73\htdocs\appraisal\index.php(37): CodeIgniter\CodeIgniter->run()
#5 {main}
ERROR - 2022-08-30 13:35:16 --> You have an error in your SQL syntax; check the manual that corresponds to your MariaDB server version for the right syntax to use near ')' at line 6
ERROR - 2022-08-30 13:35:23 --> You have an error in your SQL syntax; check the manual that corresponds to your MariaDB server version for the right syntax to use near ')' at line 6
ERROR - 2022-08-30 13:51:45 --> You have an error in your SQL syntax; check the manual that corresponds to your MariaDB server version for the right syntax to use near ')' at line 6
CRITICAL - 2022-08-30 15:08:16 --> Undefined index: employee_name
#0 C:\xampp73\htdocs\appraisal\app\Views\coaching\formulir_coaching.php(36): CodeIgniter\Debug\Exceptions->errorHandler(8, 'Undefined index...', 'C:\\xampp73\\htdo...', 36, Array)
#1 C:\xampp73\htdocs\appraisal\vendor\codeigniter4\framework\system\View\View.php(210): include('C:\\xampp73\\htdo...')
#2 C:\xampp73\htdocs\appraisal\vendor\codeigniter4\framework\system\View\View.php(213): CodeIgniter\View\View->CodeIgniter\View\{closure}()
#3 C:\xampp73\htdocs\appraisal\vendor\codeigniter4\framework\system\Common.php(1089): CodeIgniter\View\View->render('coaching/formul...', Array, true)
#4 C:\xampp73\htdocs\appraisal\app\Controllers\Coaching\Coaching.php(358): view('coaching/formul...', Array)
#5 C:\xampp73\htdocs\appraisal\vendor\codeigniter4\framework\system\CodeIgniter.php(832): App\Controllers\Coaching\Coaching->addCoaching()
#6 C:\xampp73\htdocs\appraisal\vendor\codeigniter4\framework\system\CodeIgniter.php(419): CodeIgniter\CodeIgniter->runController(Object(App\Controllers\Coaching\Coaching))
#7 C:\xampp73\htdocs\appraisal\vendor\codeigniter4\framework\system\CodeIgniter.php(326): CodeIgniter\CodeIgniter->handleRequest(NULL, Object(Config\Cache), false)
#8 C:\xampp73\htdocs\appraisal\index.php(37): CodeIgniter\CodeIgniter->run()
#9 {main}
ERROR - 2022-08-30 16:29:35 --> Column 'atasan2' cannot be null
ERROR - 2022-08-30 16:30:53 --> Column 'atasan2' cannot be null
ERROR - 2022-08-30 16:32:10 --> Column 'atasan2' cannot be null
ERROR - 2022-08-30 16:51:06 --> Column 'atasan2' cannot be null
