CRITICAL - 2022-07-09 17:46:20 --> Undefined index: fkode_cab
#0 C:\xampp\htdocs\hsd\app\Controllers\Config\Bobot.php(42): CodeIgniter\Debug\Exceptions->errorHandler(8, 'Undefined index...', 'C:\\xampp\\htdocs...', 42, Array)
#1 C:\xampp\htdocs\hsd\vendor\codeigniter4\framework\system\CodeIgniter.php(832): App\Controllers\Config\Bobot->update()
#2 C:\xampp\htdocs\hsd\vendor\codeigniter4\framework\system\CodeIgniter.php(419): CodeIgniter\CodeIgniter->runController(Object(App\Controllers\Config\Bobot))
#3 C:\xampp\htdocs\hsd\vendor\codeigniter4\framework\system\CodeIgniter.php(326): CodeIgniter\CodeIgniter->handleRequest(NULL, Object(Config\Cache), false)
#4 C:\xampp\htdocs\hsd\public\index.php(37): CodeIgniter\CodeIgniter->run()
#5 C:\xampp\htdocs\hsd\vendor\codeigniter4\framework\system\Commands\Server\rewrite.php(43): require_once('C:\\xampp\\htdocs...')
#6 {main}
ERROR - 2022-07-09 17:46:30 --> Unknown column 'updated_at' in 'field list'
ERROR - 2022-07-09 17:46:30 --> Unknown column 'updated_at' in 'field list'
ERROR - 2022-07-09 17:46:30 --> Unknown column 'updated_at' in 'field list'
ERROR - 2022-07-09 17:46:30 --> Unknown column 'updated_at' in 'field list'
ERROR - 2022-07-09 17:46:30 --> Unknown column 'updated_at' in 'field list'
ERROR - 2022-07-09 17:46:30 --> Unknown column 'updated_at' in 'field list'
ERROR - 2022-07-09 17:46:30 --> Unknown column 'updated_at' in 'field list'
ERROR - 2022-07-09 17:46:30 --> Unknown column 'updated_at' in 'field list'
ERROR - 2022-07-09 17:46:30 --> Unknown column 'updated_at' in 'field list'
ERROR - 2022-07-09 17:47:51 --> Unknown column 'updated_at' in 'field list'
ERROR - 2022-07-09 17:47:51 --> Unknown column 'updated_at' in 'field list'
ERROR - 2022-07-09 17:47:51 --> Unknown column 'updated_at' in 'field list'
ERROR - 2022-07-09 17:47:51 --> Unknown column 'updated_at' in 'field list'
ERROR - 2022-07-09 17:47:51 --> Unknown column 'updated_at' in 'field list'
ERROR - 2022-07-09 17:47:51 --> Unknown column 'updated_at' in 'field list'
ERROR - 2022-07-09 17:47:51 --> Unknown column 'updated_at' in 'field list'
ERROR - 2022-07-09 17:47:51 --> Unknown column 'updated_at' in 'field list'
ERROR - 2022-07-09 17:47:51 --> Unknown column 'updated_at' in 'field list'
ERROR - 2022-07-09 17:48:10 --> Unknown column 'updated_at' in 'field list'
ERROR - 2022-07-09 17:48:10 --> Unknown column 'updated_at' in 'field list'
ERROR - 2022-07-09 17:48:10 --> Unknown column 'updated_at' in 'field list'
ERROR - 2022-07-09 17:48:10 --> Unknown column 'updated_at' in 'field list'
ERROR - 2022-07-09 17:48:10 --> Unknown column 'updated_at' in 'field list'
ERROR - 2022-07-09 17:48:10 --> Unknown column 'updated_at' in 'field list'
ERROR - 2022-07-09 17:48:10 --> Unknown column 'updated_at' in 'field list'
ERROR - 2022-07-09 17:48:10 --> Unknown column 'updated_at' in 'field list'
ERROR - 2022-07-09 17:48:10 --> Unknown column 'updated_at' in 'field list'
ERROR - 2022-07-09 17:48:47 --> Unknown column 'updated_at' in 'field list'
ERROR - 2022-07-09 17:48:47 --> Unknown column 'updated_at' in 'field list'
ERROR - 2022-07-09 17:48:47 --> Unknown column 'updated_at' in 'field list'
ERROR - 2022-07-09 17:48:47 --> Unknown column 'updated_at' in 'field list'
ERROR - 2022-07-09 17:48:47 --> Unknown column 'updated_at' in 'field list'
ERROR - 2022-07-09 17:48:47 --> Unknown column 'updated_at' in 'field list'
ERROR - 2022-07-09 17:48:47 --> Unknown column 'updated_at' in 'field list'
ERROR - 2022-07-09 17:48:47 --> Unknown column 'updated_at' in 'field list'
ERROR - 2022-07-09 17:48:47 --> Unknown column 'updated_at' in 'field list'
ERROR - 2022-07-09 17:50:56 --> Unknown column 'updated_at' in 'field list'
ERROR - 2022-07-09 17:50:56 --> Unknown column 'updated_at' in 'field list'
ERROR - 2022-07-09 17:50:56 --> Unknown column 'updated_at' in 'field list'
ERROR - 2022-07-09 17:50:56 --> Unknown column 'updated_at' in 'field list'
ERROR - 2022-07-09 17:50:56 --> Unknown column 'updated_at' in 'field list'
ERROR - 2022-07-09 17:50:56 --> Unknown column 'updated_at' in 'field list'
ERROR - 2022-07-09 17:50:56 --> Unknown column 'updated_at' in 'field list'
ERROR - 2022-07-09 17:50:56 --> Unknown column 'updated_at' in 'field list'
ERROR - 2022-07-09 17:50:56 --> Unknown column 'updated_at' in 'field list'
ERROR - 2022-07-09 17:54:55 --> Unknown column 'updated_at' in 'field list'
ERROR - 2022-07-09 17:54:55 --> Unknown column 'updated_at' in 'field list'
ERROR - 2022-07-09 17:54:55 --> Unknown column 'updated_at' in 'field list'
ERROR - 2022-07-09 17:54:55 --> Unknown column 'updated_at' in 'field list'
ERROR - 2022-07-09 17:54:55 --> Unknown column 'updated_at' in 'field list'
ERROR - 2022-07-09 17:54:55 --> Unknown column 'updated_at' in 'field list'
ERROR - 2022-07-09 17:54:55 --> Unknown column 'updated_at' in 'field list'
ERROR - 2022-07-09 17:54:55 --> Unknown column 'updated_at' in 'field list'
ERROR - 2022-07-09 17:54:55 --> Unknown column 'updated_at' in 'field list'
ERROR - 2022-07-09 17:56:20 --> Unknown column 'updated_at' in 'field list'
ERROR - 2022-07-09 17:56:20 --> Unknown column 'updated_at' in 'field list'
ERROR - 2022-07-09 17:56:20 --> Unknown column 'updated_at' in 'field list'
ERROR - 2022-07-09 17:56:20 --> Unknown column 'updated_at' in 'field list'
ERROR - 2022-07-09 17:56:20 --> Unknown column 'updated_at' in 'field list'
ERROR - 2022-07-09 17:56:20 --> Unknown column 'updated_at' in 'field list'
ERROR - 2022-07-09 17:56:20 --> Unknown column 'updated_at' in 'field list'
ERROR - 2022-07-09 17:56:20 --> Unknown column 'updated_at' in 'field list'
ERROR - 2022-07-09 17:56:20 --> Unknown column 'updated_at' in 'field list'
ERROR - 2022-07-09 17:56:45 --> Unknown column 'updated_at' in 'field list'
ERROR - 2022-07-09 17:56:45 --> Unknown column 'updated_at' in 'field list'
ERROR - 2022-07-09 17:56:45 --> Unknown column 'updated_at' in 'field list'
ERROR - 2022-07-09 17:56:45 --> Unknown column 'updated_at' in 'field list'
ERROR - 2022-07-09 17:56:45 --> Unknown column 'updated_at' in 'field list'
ERROR - 2022-07-09 17:56:45 --> Unknown column 'updated_at' in 'field list'
ERROR - 2022-07-09 17:56:45 --> Unknown column 'updated_at' in 'field list'
ERROR - 2022-07-09 17:56:55 --> Unknown column 'updated_at' in 'field list'
ERROR - 2022-07-09 17:56:55 --> Unknown column 'updated_at' in 'field list'
ERROR - 2022-07-09 17:56:55 --> Unknown column 'updated_at' in 'field list'
ERROR - 2022-07-09 17:56:55 --> Unknown column 'updated_at' in 'field list'
ERROR - 2022-07-09 17:56:55 --> Unknown column 'updated_at' in 'field list'
ERROR - 2022-07-09 17:56:55 --> Unknown column 'updated_at' in 'field list'
ERROR - 2022-07-09 17:56:55 --> Unknown column 'updated_at' in 'field list'
ERROR - 2022-07-09 18:47:54 --> Unknown column 'updated_at' in 'field list'
ERROR - 2022-07-09 18:47:54 --> Unknown column 'updated_at' in 'field list'
ERROR - 2022-07-09 18:47:54 --> Unknown column 'updated_at' in 'field list'
ERROR - 2022-07-09 18:47:54 --> Unknown column 'updated_at' in 'field list'
ERROR - 2022-07-09 18:47:54 --> Unknown column 'updated_at' in 'field list'
ERROR - 2022-07-09 18:47:54 --> Unknown column 'updated_at' in 'field list'
ERROR - 2022-07-09 18:47:54 --> Unknown column 'updated_at' in 'field list'
CRITICAL - 2022-07-09 18:49:59 --> Undefined index: fkode_cab
#0 C:\xampp\htdocs\hsd\app\Controllers\Config\Bobot.php(43): CodeIgniter\Debug\Exceptions->errorHandler(8, 'Undefined index...', 'C:\\xampp\\htdocs...', 43, Array)
#1 C:\xampp\htdocs\hsd\vendor\codeigniter4\framework\system\CodeIgniter.php(832): App\Controllers\Config\Bobot->update()
#2 C:\xampp\htdocs\hsd\vendor\codeigniter4\framework\system\CodeIgniter.php(419): CodeIgniter\CodeIgniter->runController(Object(App\Controllers\Config\Bobot))
#3 C:\xampp\htdocs\hsd\vendor\codeigniter4\framework\system\CodeIgniter.php(326): CodeIgniter\CodeIgniter->handleRequest(NULL, Object(Config\Cache), false)
#4 C:\xampp\htdocs\hsd\public\index.php(37): CodeIgniter\CodeIgniter->run()
#5 C:\xampp\htdocs\hsd\vendor\codeigniter4\framework\system\Commands\Server\rewrite.php(43): require_once('C:\\xampp\\htdocs...')
#6 {main}
CRITICAL - 2022-07-09 19:04:55 --> Undefined variable: fkode_cab
#0 C:\xampp\htdocs\hsd\app\Controllers\Config\Bobot.php(54): CodeIgniter\Debug\Exceptions->errorHandler(8, 'Undefined varia...', 'C:\\xampp\\htdocs...', 54, Array)
#1 C:\xampp\htdocs\hsd\vendor\codeigniter4\framework\system\CodeIgniter.php(832): App\Controllers\Config\Bobot->update()
#2 C:\xampp\htdocs\hsd\vendor\codeigniter4\framework\system\CodeIgniter.php(419): CodeIgniter\CodeIgniter->runController(Object(App\Controllers\Config\Bobot))
#3 C:\xampp\htdocs\hsd\vendor\codeigniter4\framework\system\CodeIgniter.php(326): CodeIgniter\CodeIgniter->handleRequest(NULL, Object(Config\Cache), false)
#4 C:\xampp\htdocs\hsd\public\index.php(37): CodeIgniter\CodeIgniter->run()
#5 C:\xampp\htdocs\hsd\vendor\codeigniter4\framework\system\Commands\Server\rewrite.php(43): require_once('C:\\xampp\\htdocs...')
#6 {main}
