ERROR - 2022-08-03 13:25:58 --> You have an error in your SQL syntax; check the manual that corresponds to your MariaDB server version for the right syntax to use near ')' at line 6
CRITICAL - 2022-08-03 13:25:58 --> Call to a member function getResultArray() on bool
#0 C:\xampp73\htdocs\appraisal\app\Controllers\Karyawan.php(45): App\Models\Karyawan\AtasanModel->getBawahanFull()
#1 C:\xampp73\htdocs\appraisal\vendor\codeigniter4\framework\system\CodeIgniter.php(832): App\Controllers\Karyawan->daftar_karyawan()
#2 C:\xampp73\htdocs\appraisal\vendor\codeigniter4\framework\system\CodeIgniter.php(419): CodeIgniter\CodeIgniter->runController(Object(App\Controllers\Karyawan))
#3 C:\xampp73\htdocs\appraisal\vendor\codeigniter4\framework\system\CodeIgniter.php(326): CodeIgniter\CodeIgniter->handleRequest(NULL, Object(Config\Cache), false)
#4 C:\xampp73\htdocs\appraisal\index.php(37): CodeIgniter\CodeIgniter->run()
#5 {main}
ERROR - 2022-08-03 13:26:30 --> You have an error in your SQL syntax; check the manual that corresponds to your MariaDB server version for the right syntax to use near ')' at line 6
CRITICAL - 2022-08-03 13:26:30 --> Call to a member function getResultArray() on bool
#0 C:\xampp73\htdocs\appraisal\app\Controllers\Karyawan.php(45): App\Models\Karyawan\AtasanModel->getBawahanFull()
#1 C:\xampp73\htdocs\appraisal\vendor\codeigniter4\framework\system\CodeIgniter.php(832): App\Controllers\Karyawan->daftar_karyawan()
#2 C:\xampp73\htdocs\appraisal\vendor\codeigniter4\framework\system\CodeIgniter.php(419): CodeIgniter\CodeIgniter->runController(Object(App\Controllers\Karyawan))
#3 C:\xampp73\htdocs\appraisal\vendor\codeigniter4\framework\system\CodeIgniter.php(326): CodeIgniter\CodeIgniter->handleRequest(NULL, Object(Config\Cache), false)
#4 C:\xampp73\htdocs\appraisal\index.php(37): CodeIgniter\CodeIgniter->run()
#5 {main}
ERROR - 2022-08-03 13:27:19 --> You have an error in your SQL syntax; check the manual that corresponds to your MariaDB server version for the right syntax to use near ')' at line 6
CRITICAL - 2022-08-03 13:27:19 --> Call to a member function getResultArray() on bool
#0 C:\xampp73\htdocs\appraisal\app\Controllers\Karyawan.php(45): App\Models\Karyawan\AtasanModel->getBawahanFull()
#1 C:\xampp73\htdocs\appraisal\vendor\codeigniter4\framework\system\CodeIgniter.php(832): App\Controllers\Karyawan->daftar_karyawan()
#2 C:\xampp73\htdocs\appraisal\vendor\codeigniter4\framework\system\CodeIgniter.php(419): CodeIgniter\CodeIgniter->runController(Object(App\Controllers\Karyawan))
#3 C:\xampp73\htdocs\appraisal\vendor\codeigniter4\framework\system\CodeIgniter.php(326): CodeIgniter\CodeIgniter->handleRequest(NULL, Object(Config\Cache), false)
#4 C:\xampp73\htdocs\appraisal\index.php(37): CodeIgniter\CodeIgniter->run()
#5 {main}
ERROR - 2022-08-03 13:29:08 --> You have an error in your SQL syntax; check the manual that corresponds to your MariaDB server version for the right syntax to use near ')' at line 6
CRITICAL - 2022-08-03 13:29:08 --> Call to a member function getResultArray() on bool
#0 C:\xampp73\htdocs\appraisal\app\Controllers\Karyawan.php(45): App\Models\Karyawan\AtasanModel->getBawahanFull()
#1 C:\xampp73\htdocs\appraisal\vendor\codeigniter4\framework\system\CodeIgniter.php(832): App\Controllers\Karyawan->daftar_karyawan()
#2 C:\xampp73\htdocs\appraisal\vendor\codeigniter4\framework\system\CodeIgniter.php(419): CodeIgniter\CodeIgniter->runController(Object(App\Controllers\Karyawan))
#3 C:\xampp73\htdocs\appraisal\vendor\codeigniter4\framework\system\CodeIgniter.php(326): CodeIgniter\CodeIgniter->handleRequest(NULL, Object(Config\Cache), false)
#4 C:\xampp73\htdocs\appraisal\index.php(37): CodeIgniter\CodeIgniter->run()
#5 {main}
ERROR - 2022-08-03 13:29:09 --> You have an error in your SQL syntax; check the manual that corresponds to your MariaDB server version for the right syntax to use near ')' at line 6
CRITICAL - 2022-08-03 13:29:09 --> Call to a member function getResultArray() on bool
#0 C:\xampp73\htdocs\appraisal\app\Controllers\Karyawan.php(45): App\Models\Karyawan\AtasanModel->getBawahanFull()
#1 C:\xampp73\htdocs\appraisal\vendor\codeigniter4\framework\system\CodeIgniter.php(832): App\Controllers\Karyawan->daftar_karyawan()
#2 C:\xampp73\htdocs\appraisal\vendor\codeigniter4\framework\system\CodeIgniter.php(419): CodeIgniter\CodeIgniter->runController(Object(App\Controllers\Karyawan))
#3 C:\xampp73\htdocs\appraisal\vendor\codeigniter4\framework\system\CodeIgniter.php(326): CodeIgniter\CodeIgniter->handleRequest(NULL, Object(Config\Cache), false)
#4 C:\xampp73\htdocs\appraisal\index.php(37): CodeIgniter\CodeIgniter->run()
#5 {main}
ERROR - 2022-08-03 13:29:09 --> You have an error in your SQL syntax; check the manual that corresponds to your MariaDB server version for the right syntax to use near ')' at line 6
CRITICAL - 2022-08-03 13:29:09 --> Call to a member function getResultArray() on bool
#0 C:\xampp73\htdocs\appraisal\app\Controllers\Karyawan.php(45): App\Models\Karyawan\AtasanModel->getBawahanFull()
#1 C:\xampp73\htdocs\appraisal\vendor\codeigniter4\framework\system\CodeIgniter.php(832): App\Controllers\Karyawan->daftar_karyawan()
#2 C:\xampp73\htdocs\appraisal\vendor\codeigniter4\framework\system\CodeIgniter.php(419): CodeIgniter\CodeIgniter->runController(Object(App\Controllers\Karyawan))
#3 C:\xampp73\htdocs\appraisal\vendor\codeigniter4\framework\system\CodeIgniter.php(326): CodeIgniter\CodeIgniter->handleRequest(NULL, Object(Config\Cache), false)
#4 C:\xampp73\htdocs\appraisal\index.php(37): CodeIgniter\CodeIgniter->run()
#5 {main}
ERROR - 2022-08-03 13:29:10 --> You have an error in your SQL syntax; check the manual that corresponds to your MariaDB server version for the right syntax to use near ')' at line 6
CRITICAL - 2022-08-03 13:29:10 --> Call to a member function getResultArray() on bool
#0 C:\xampp73\htdocs\appraisal\app\Controllers\Karyawan.php(45): App\Models\Karyawan\AtasanModel->getBawahanFull()
#1 C:\xampp73\htdocs\appraisal\vendor\codeigniter4\framework\system\CodeIgniter.php(832): App\Controllers\Karyawan->daftar_karyawan()
#2 C:\xampp73\htdocs\appraisal\vendor\codeigniter4\framework\system\CodeIgniter.php(419): CodeIgniter\CodeIgniter->runController(Object(App\Controllers\Karyawan))
#3 C:\xampp73\htdocs\appraisal\vendor\codeigniter4\framework\system\CodeIgniter.php(326): CodeIgniter\CodeIgniter->handleRequest(NULL, Object(Config\Cache), false)
#4 C:\xampp73\htdocs\appraisal\index.php(37): CodeIgniter\CodeIgniter->run()
#5 {main}
ERROR - 2022-08-03 13:29:45 --> You have an error in your SQL syntax; check the manual that corresponds to your MariaDB server version for the right syntax to use near ')' at line 6
CRITICAL - 2022-08-03 13:29:45 --> Call to a member function getResultArray() on bool
#0 C:\xampp73\htdocs\appraisal\app\Controllers\Karyawan.php(45): App\Models\Karyawan\AtasanModel->getBawahanFull()
#1 C:\xampp73\htdocs\appraisal\vendor\codeigniter4\framework\system\CodeIgniter.php(832): App\Controllers\Karyawan->daftar_karyawan()
#2 C:\xampp73\htdocs\appraisal\vendor\codeigniter4\framework\system\CodeIgniter.php(419): CodeIgniter\CodeIgniter->runController(Object(App\Controllers\Karyawan))
#3 C:\xampp73\htdocs\appraisal\vendor\codeigniter4\framework\system\CodeIgniter.php(326): CodeIgniter\CodeIgniter->handleRequest(NULL, Object(Config\Cache), false)
#4 C:\xampp73\htdocs\appraisal\index.php(37): CodeIgniter\CodeIgniter->run()
#5 {main}
ERROR - 2022-08-03 13:29:46 --> You have an error in your SQL syntax; check the manual that corresponds to your MariaDB server version for the right syntax to use near ')' at line 6
CRITICAL - 2022-08-03 13:29:46 --> Call to a member function getResultArray() on bool
#0 C:\xampp73\htdocs\appraisal\app\Controllers\Karyawan.php(45): App\Models\Karyawan\AtasanModel->getBawahanFull()
#1 C:\xampp73\htdocs\appraisal\vendor\codeigniter4\framework\system\CodeIgniter.php(832): App\Controllers\Karyawan->daftar_karyawan()
#2 C:\xampp73\htdocs\appraisal\vendor\codeigniter4\framework\system\CodeIgniter.php(419): CodeIgniter\CodeIgniter->runController(Object(App\Controllers\Karyawan))
#3 C:\xampp73\htdocs\appraisal\vendor\codeigniter4\framework\system\CodeIgniter.php(326): CodeIgniter\CodeIgniter->handleRequest(NULL, Object(Config\Cache), false)
#4 C:\xampp73\htdocs\appraisal\index.php(37): CodeIgniter\CodeIgniter->run()
#5 {main}
ERROR - 2022-08-03 13:29:46 --> You have an error in your SQL syntax; check the manual that corresponds to your MariaDB server version for the right syntax to use near ')' at line 6
CRITICAL - 2022-08-03 13:29:46 --> Call to a member function getResultArray() on bool
#0 C:\xampp73\htdocs\appraisal\app\Controllers\Karyawan.php(45): App\Models\Karyawan\AtasanModel->getBawahanFull()
#1 C:\xampp73\htdocs\appraisal\vendor\codeigniter4\framework\system\CodeIgniter.php(832): App\Controllers\Karyawan->daftar_karyawan()
#2 C:\xampp73\htdocs\appraisal\vendor\codeigniter4\framework\system\CodeIgniter.php(419): CodeIgniter\CodeIgniter->runController(Object(App\Controllers\Karyawan))
#3 C:\xampp73\htdocs\appraisal\vendor\codeigniter4\framework\system\CodeIgniter.php(326): CodeIgniter\CodeIgniter->handleRequest(NULL, Object(Config\Cache), false)
#4 C:\xampp73\htdocs\appraisal\index.php(37): CodeIgniter\CodeIgniter->run()
#5 {main}
ERROR - 2022-08-03 13:29:46 --> You have an error in your SQL syntax; check the manual that corresponds to your MariaDB server version for the right syntax to use near ')' at line 6
CRITICAL - 2022-08-03 13:29:46 --> Call to a member function getResultArray() on bool
#0 C:\xampp73\htdocs\appraisal\app\Controllers\Karyawan.php(45): App\Models\Karyawan\AtasanModel->getBawahanFull()
#1 C:\xampp73\htdocs\appraisal\vendor\codeigniter4\framework\system\CodeIgniter.php(832): App\Controllers\Karyawan->daftar_karyawan()
#2 C:\xampp73\htdocs\appraisal\vendor\codeigniter4\framework\system\CodeIgniter.php(419): CodeIgniter\CodeIgniter->runController(Object(App\Controllers\Karyawan))
#3 C:\xampp73\htdocs\appraisal\vendor\codeigniter4\framework\system\CodeIgniter.php(326): CodeIgniter\CodeIgniter->handleRequest(NULL, Object(Config\Cache), false)
#4 C:\xampp73\htdocs\appraisal\index.php(37): CodeIgniter\CodeIgniter->run()
#5 {main}
ERROR - 2022-08-03 13:29:46 --> You have an error in your SQL syntax; check the manual that corresponds to your MariaDB server version for the right syntax to use near ')' at line 6
CRITICAL - 2022-08-03 13:29:46 --> Call to a member function getResultArray() on bool
#0 C:\xampp73\htdocs\appraisal\app\Controllers\Karyawan.php(45): App\Models\Karyawan\AtasanModel->getBawahanFull()
#1 C:\xampp73\htdocs\appraisal\vendor\codeigniter4\framework\system\CodeIgniter.php(832): App\Controllers\Karyawan->daftar_karyawan()
#2 C:\xampp73\htdocs\appraisal\vendor\codeigniter4\framework\system\CodeIgniter.php(419): CodeIgniter\CodeIgniter->runController(Object(App\Controllers\Karyawan))
#3 C:\xampp73\htdocs\appraisal\vendor\codeigniter4\framework\system\CodeIgniter.php(326): CodeIgniter\CodeIgniter->handleRequest(NULL, Object(Config\Cache), false)
#4 C:\xampp73\htdocs\appraisal\index.php(37): CodeIgniter\CodeIgniter->run()
#5 {main}
ERROR - 2022-08-03 13:29:47 --> You have an error in your SQL syntax; check the manual that corresponds to your MariaDB server version for the right syntax to use near ')' at line 6
CRITICAL - 2022-08-03 13:29:47 --> Call to a member function getResultArray() on bool
#0 C:\xampp73\htdocs\appraisal\app\Controllers\Karyawan.php(45): App\Models\Karyawan\AtasanModel->getBawahanFull()
#1 C:\xampp73\htdocs\appraisal\vendor\codeigniter4\framework\system\CodeIgniter.php(832): App\Controllers\Karyawan->daftar_karyawan()
#2 C:\xampp73\htdocs\appraisal\vendor\codeigniter4\framework\system\CodeIgniter.php(419): CodeIgniter\CodeIgniter->runController(Object(App\Controllers\Karyawan))
#3 C:\xampp73\htdocs\appraisal\vendor\codeigniter4\framework\system\CodeIgniter.php(326): CodeIgniter\CodeIgniter->handleRequest(NULL, Object(Config\Cache), false)
#4 C:\xampp73\htdocs\appraisal\index.php(37): CodeIgniter\CodeIgniter->run()
#5 {main}
ERROR - 2022-08-03 13:29:47 --> You have an error in your SQL syntax; check the manual that corresponds to your MariaDB server version for the right syntax to use near ')' at line 6
CRITICAL - 2022-08-03 13:29:47 --> Call to a member function getResultArray() on bool
#0 C:\xampp73\htdocs\appraisal\app\Controllers\Karyawan.php(45): App\Models\Karyawan\AtasanModel->getBawahanFull()
#1 C:\xampp73\htdocs\appraisal\vendor\codeigniter4\framework\system\CodeIgniter.php(832): App\Controllers\Karyawan->daftar_karyawan()
#2 C:\xampp73\htdocs\appraisal\vendor\codeigniter4\framework\system\CodeIgniter.php(419): CodeIgniter\CodeIgniter->runController(Object(App\Controllers\Karyawan))
#3 C:\xampp73\htdocs\appraisal\vendor\codeigniter4\framework\system\CodeIgniter.php(326): CodeIgniter\CodeIgniter->handleRequest(NULL, Object(Config\Cache), false)
#4 C:\xampp73\htdocs\appraisal\index.php(37): CodeIgniter\CodeIgniter->run()
#5 {main}
ERROR - 2022-08-03 13:30:51 --> You have an error in your SQL syntax; check the manual that corresponds to your MariaDB server version for the right syntax to use near ')' at line 6
CRITICAL - 2022-08-03 13:30:51 --> Call to a member function getResultArray() on bool
#0 C:\xampp73\htdocs\appraisal\app\Controllers\Karyawan.php(45): App\Models\Karyawan\AtasanModel->getBawahanFull()
#1 C:\xampp73\htdocs\appraisal\vendor\codeigniter4\framework\system\CodeIgniter.php(832): App\Controllers\Karyawan->daftar_karyawan()
#2 C:\xampp73\htdocs\appraisal\vendor\codeigniter4\framework\system\CodeIgniter.php(419): CodeIgniter\CodeIgniter->runController(Object(App\Controllers\Karyawan))
#3 C:\xampp73\htdocs\appraisal\vendor\codeigniter4\framework\system\CodeIgniter.php(326): CodeIgniter\CodeIgniter->handleRequest(NULL, Object(Config\Cache), false)
#4 C:\xampp73\htdocs\appraisal\index.php(37): CodeIgniter\CodeIgniter->run()
#5 {main}
ERROR - 2022-08-03 13:32:51 --> You have an error in your SQL syntax; check the manual that corresponds to your MariaDB server version for the right syntax to use near ')' at line 6
CRITICAL - 2022-08-03 13:32:51 --> Call to a member function getResultArray() on bool
#0 C:\xampp73\htdocs\appraisal\app\Controllers\Karyawan.php(45): App\Models\Karyawan\AtasanModel->getBawahanFull()
#1 C:\xampp73\htdocs\appraisal\vendor\codeigniter4\framework\system\CodeIgniter.php(832): App\Controllers\Karyawan->daftar_karyawan()
#2 C:\xampp73\htdocs\appraisal\vendor\codeigniter4\framework\system\CodeIgniter.php(419): CodeIgniter\CodeIgniter->runController(Object(App\Controllers\Karyawan))
#3 C:\xampp73\htdocs\appraisal\vendor\codeigniter4\framework\system\CodeIgniter.php(326): CodeIgniter\CodeIgniter->handleRequest(NULL, Object(Config\Cache), false)
#4 C:\xampp73\htdocs\appraisal\index.php(37): CodeIgniter\CodeIgniter->run()
#5 {main}
ERROR - 2022-08-03 13:33:05 --> You have an error in your SQL syntax; check the manual that corresponds to your MariaDB server version for the right syntax to use near ')' at line 6
CRITICAL - 2022-08-03 13:33:05 --> Call to a member function getResultArray() on bool
#0 C:\xampp73\htdocs\appraisal\app\Controllers\Karyawan.php(45): App\Models\Karyawan\AtasanModel->getBawahanFull()
#1 C:\xampp73\htdocs\appraisal\vendor\codeigniter4\framework\system\CodeIgniter.php(832): App\Controllers\Karyawan->daftar_karyawan()
#2 C:\xampp73\htdocs\appraisal\vendor\codeigniter4\framework\system\CodeIgniter.php(419): CodeIgniter\CodeIgniter->runController(Object(App\Controllers\Karyawan))
#3 C:\xampp73\htdocs\appraisal\vendor\codeigniter4\framework\system\CodeIgniter.php(326): CodeIgniter\CodeIgniter->handleRequest(NULL, Object(Config\Cache), false)
#4 C:\xampp73\htdocs\appraisal\index.php(37): CodeIgniter\CodeIgniter->run()
#5 {main}
ERROR - 2022-08-03 13:33:06 --> You have an error in your SQL syntax; check the manual that corresponds to your MariaDB server version for the right syntax to use near ')' at line 6
CRITICAL - 2022-08-03 13:33:06 --> Call to a member function getResultArray() on bool
#0 C:\xampp73\htdocs\appraisal\app\Controllers\Karyawan.php(45): App\Models\Karyawan\AtasanModel->getBawahanFull()
#1 C:\xampp73\htdocs\appraisal\vendor\codeigniter4\framework\system\CodeIgniter.php(832): App\Controllers\Karyawan->daftar_karyawan()
#2 C:\xampp73\htdocs\appraisal\vendor\codeigniter4\framework\system\CodeIgniter.php(419): CodeIgniter\CodeIgniter->runController(Object(App\Controllers\Karyawan))
#3 C:\xampp73\htdocs\appraisal\vendor\codeigniter4\framework\system\CodeIgniter.php(326): CodeIgniter\CodeIgniter->handleRequest(NULL, Object(Config\Cache), false)
#4 C:\xampp73\htdocs\appraisal\index.php(37): CodeIgniter\CodeIgniter->run()
#5 {main}
ERROR - 2022-08-03 13:33:08 --> You have an error in your SQL syntax; check the manual that corresponds to your MariaDB server version for the right syntax to use near ')' at line 6
CRITICAL - 2022-08-03 13:33:08 --> Call to a member function getResultArray() on bool
#0 C:\xampp73\htdocs\appraisal\app\Controllers\Karyawan.php(45): App\Models\Karyawan\AtasanModel->getBawahanFull()
#1 C:\xampp73\htdocs\appraisal\vendor\codeigniter4\framework\system\CodeIgniter.php(832): App\Controllers\Karyawan->daftar_karyawan()
#2 C:\xampp73\htdocs\appraisal\vendor\codeigniter4\framework\system\CodeIgniter.php(419): CodeIgniter\CodeIgniter->runController(Object(App\Controllers\Karyawan))
#3 C:\xampp73\htdocs\appraisal\vendor\codeigniter4\framework\system\CodeIgniter.php(326): CodeIgniter\CodeIgniter->handleRequest(NULL, Object(Config\Cache), false)
#4 C:\xampp73\htdocs\appraisal\index.php(37): CodeIgniter\CodeIgniter->run()
#5 {main}
ERROR - 2022-08-03 13:36:24 --> You have an error in your SQL syntax; check the manual that corresponds to your MariaDB server version for the right syntax to use near ')' at line 6
CRITICAL - 2022-08-03 13:36:24 --> Call to a member function getResultArray() on bool
#0 C:\xampp73\htdocs\appraisal\app\Controllers\Karyawan.php(45): App\Models\Karyawan\AtasanModel->getBawahanFull()
#1 C:\xampp73\htdocs\appraisal\vendor\codeigniter4\framework\system\CodeIgniter.php(832): App\Controllers\Karyawan->daftar_karyawan()
#2 C:\xampp73\htdocs\appraisal\vendor\codeigniter4\framework\system\CodeIgniter.php(419): CodeIgniter\CodeIgniter->runController(Object(App\Controllers\Karyawan))
#3 C:\xampp73\htdocs\appraisal\vendor\codeigniter4\framework\system\CodeIgniter.php(326): CodeIgniter\CodeIgniter->handleRequest(NULL, Object(Config\Cache), false)
#4 C:\xampp73\htdocs\appraisal\index.php(37): CodeIgniter\CodeIgniter->run()
#5 {main}
ERROR - 2022-08-03 13:36:42 --> You have an error in your SQL syntax; check the manual that corresponds to your MariaDB server version for the right syntax to use near ')' at line 6
CRITICAL - 2022-08-03 13:36:42 --> Call to a member function getResultArray() on bool
#0 C:\xampp73\htdocs\appraisal\app\Controllers\Karyawan.php(45): App\Models\Karyawan\AtasanModel->getBawahanFull()
#1 C:\xampp73\htdocs\appraisal\vendor\codeigniter4\framework\system\CodeIgniter.php(832): App\Controllers\Karyawan->daftar_karyawan()
#2 C:\xampp73\htdocs\appraisal\vendor\codeigniter4\framework\system\CodeIgniter.php(419): CodeIgniter\CodeIgniter->runController(Object(App\Controllers\Karyawan))
#3 C:\xampp73\htdocs\appraisal\vendor\codeigniter4\framework\system\CodeIgniter.php(326): CodeIgniter\CodeIgniter->handleRequest(NULL, Object(Config\Cache), false)
#4 C:\xampp73\htdocs\appraisal\index.php(37): CodeIgniter\CodeIgniter->run()
#5 {main}
ERROR - 2022-08-03 13:36:43 --> You have an error in your SQL syntax; check the manual that corresponds to your MariaDB server version for the right syntax to use near ')' at line 6
CRITICAL - 2022-08-03 13:36:43 --> Call to a member function getResultArray() on bool
#0 C:\xampp73\htdocs\appraisal\app\Controllers\Karyawan.php(45): App\Models\Karyawan\AtasanModel->getBawahanFull()
#1 C:\xampp73\htdocs\appraisal\vendor\codeigniter4\framework\system\CodeIgniter.php(832): App\Controllers\Karyawan->daftar_karyawan()
#2 C:\xampp73\htdocs\appraisal\vendor\codeigniter4\framework\system\CodeIgniter.php(419): CodeIgniter\CodeIgniter->runController(Object(App\Controllers\Karyawan))
#3 C:\xampp73\htdocs\appraisal\vendor\codeigniter4\framework\system\CodeIgniter.php(326): CodeIgniter\CodeIgniter->handleRequest(NULL, Object(Config\Cache), false)
#4 C:\xampp73\htdocs\appraisal\index.php(37): CodeIgniter\CodeIgniter->run()
#5 {main}
ERROR - 2022-08-03 13:36:52 --> You have an error in your SQL syntax; check the manual that corresponds to your MariaDB server version for the right syntax to use near ')' at line 6
CRITICAL - 2022-08-03 13:36:52 --> Call to a member function getRow() on bool
#0 C:\xampp73\htdocs\appraisal\app\Controllers\Karyawan.php(45): App\Models\Karyawan\AtasanModel->getBawahanFull()
#1 C:\xampp73\htdocs\appraisal\vendor\codeigniter4\framework\system\CodeIgniter.php(832): App\Controllers\Karyawan->daftar_karyawan()
#2 C:\xampp73\htdocs\appraisal\vendor\codeigniter4\framework\system\CodeIgniter.php(419): CodeIgniter\CodeIgniter->runController(Object(App\Controllers\Karyawan))
#3 C:\xampp73\htdocs\appraisal\vendor\codeigniter4\framework\system\CodeIgniter.php(326): CodeIgniter\CodeIgniter->handleRequest(NULL, Object(Config\Cache), false)
#4 C:\xampp73\htdocs\appraisal\index.php(37): CodeIgniter\CodeIgniter->run()
#5 {main}
ERROR - 2022-08-03 13:38:36 --> You have an error in your SQL syntax; check the manual that corresponds to your MariaDB server version for the right syntax to use near ')' at line 6
ERROR - 2022-08-03 13:39:07 --> You have an error in your SQL syntax; check the manual that corresponds to your MariaDB server version for the right syntax to use near ')' at line 6
ERROR - 2022-08-03 13:42:03 --> You have an error in your SQL syntax; check the manual that corresponds to your MariaDB server version for the right syntax to use near ')' at line 6
ERROR - 2022-08-03 13:44:41 --> You have an error in your SQL syntax; check the manual that corresponds to your MariaDB server version for the right syntax to use near ')' at line 6
ERROR - 2022-08-03 13:45:24 --> You have an error in your SQL syntax; check the manual that corresponds to your MariaDB server version for the right syntax to use near ')' at line 6
CRITICAL - 2022-08-03 14:11:45 --> Undefined variable: golongan
#0 C:\xampp73\htdocs\appraisal\app\Controllers\penilaian\ProsesPenilaianCab.php(377): CodeIgniter\Debug\Exceptions->errorHandler(8, 'Undefined varia...', 'C:\\xampp73\\htdo...', 377, Array)
#1 C:\xampp73\htdocs\appraisal\vendor\codeigniter4\framework\system\CodeIgniter.php(832): App\Controllers\Penilaian\ProsesPenilaianCab->tambahPenilaian('123')
#2 C:\xampp73\htdocs\appraisal\vendor\codeigniter4\framework\system\CodeIgniter.php(419): CodeIgniter\CodeIgniter->runController(Object(App\Controllers\Penilaian\ProsesPenilaianCab))
#3 C:\xampp73\htdocs\appraisal\vendor\codeigniter4\framework\system\CodeIgniter.php(326): CodeIgniter\CodeIgniter->handleRequest(NULL, Object(Config\Cache), false)
#4 C:\xampp73\htdocs\appraisal\index.php(37): CodeIgniter\CodeIgniter->run()
#5 {main}
ERROR - 2022-08-03 15:05:19 --> Column 'atasan1' cannot be null
ERROR - 2022-08-03 15:05:45 --> Column 'atasan1' cannot be null
ERROR - 2022-08-03 15:06:14 --> Column 'atasan1' cannot be null
